{
  "RSpec": {
    "coverage": {
      "/home/ruby/Downloads/LDB-master/LDB_4lab/DEMO/app/helpers/application_helper.rb": [
        1,
        null
      ],
      "/home/ruby/Downloads/LDB-master/LDB_4lab/DEMO/app/models/budget_manager.rb": [
        null,
        null,
        1,
        1,
        1,
        1,
        1,
        null,
        null,
        1,
        null,
        null,
        1,
        2,
        2,
        2,
        3,
        3,
        null,
        null,
        2,
        null,
        null,
        1,
        2,
        null,
        null,
        1,
        1,
        1,
        1,
        null,
        null
      ],
      "/home/ruby/Downloads/LDB-master/LDB_4lab/DEMO/app/models/project.rb": [
        null,
        null,
        1,
        1,
        1,
        1,
        1,
        null,
        null,
        1,
        null,
        null,
        1,
        1,
        1,
        1,
        2,
        null,
        1,
        null,
        null,
        1,
        1,
        null,
        0,
        null,
        1,
        null,
        null,
        null,
        1,
        0,
        null,
        0,
        0,
        null,
        0,
        0,
        null,
        0,
        null,
        null,
        1,
        8,
        6,
        null,
        5,
        5,
        5,
        null,
        6,
        null,
        2,
        null,
        null,
        null,
        1,
        5,
        5,
        null,
        null,
        1,
        2,
        2,
        1,
        1,
        null,
        null,
        1,
        3,
        1,
        1,
        null,
        2,
        2,
        2,
        2,
        null,
        null,
        null,
        1,
        0,
        null,
        null
      ],
      "/home/ruby/Downloads/LDB-master/LDB_4lab/DEMO/application_record.rb": [
        1,
        1,
        null
      ],
      "/home/ruby/Downloads/LDB-master/LDB_4lab/DEMO/app/models/project_member.rb": [
        null,
        null,
        1,
        1,
        1,
        1,
        null,
        null,
        1,
        null,
        null
      ],
      "/home/ruby/Downloads/LDB-master/LDB_4lab/DEMO/app/models/notes_manager.rb": [
        null,
        null,
        1,
        1,
        1,
        1,
        1,
        null,
        null,
        1,
        1,
        5,
        null,
        5,
        null,
        null,
        1,
        null,
        4,
        4,
        12,
        null,
        4,
        null,
        null,
        1,
        1,
        1,
        1,
        2,
        1,
        0,
        null,
        null,
        1,
        null,
        null,
        1,
        2,
        2,
        2,
        2,
        4,
        null,
        2,
        null,
        null,
        1,
        2,
        2,
        1,
        null,
        null,
        1,
        1,
        1,
        1,
        null,
        null
      ],
      "/home/ruby/Downloads/LDB-master/LDB_4lab/DEMO/app/models/project_manager.rb": [
        null,
        null,
        1,
        1,
        1,
        1,
        1,
        null,
        null,
        1,
        1,
        2,
        2,
        2,
        null,
        null,
        1,
        5,
        5,
        null,
        null,
        1,
        5,
        5,
        null,
        4,
        null,
        null,
        null,
        1,
        1,
        null,
        null,
        1,
        1,
        1,
        1,
        2,
        null,
        null,
        1,
        null,
        null
      ],
      "/home/ruby/Downloads/LDB-master/LDB_4lab/DEMO/app/models/search.rb": [
        null,
        null,
        1,
        1,
        null,
        null,
        1,
        1,
        9,
        null,
        null,
        1,
        2,
        null,
        null,
        1,
        8,
        8,
        8,
        null,
        32,
        null,
        5,
        null,
        null,
        1,
        7,
        7,
        6,
        9,
        null,
        6,
        null,
        null
      ],
      "/home/ruby/Downloads/LDB-master/LDB_4lab/DEMO/app/models/user_manager.rb": [
        null,
        null,
        1,
        1,
        1,
        null,
        null,
        1,
        1,
        1,
        1,
        0,
        null,
        0,
        null,
        null,
        1,
        2,
        1,
        null,
        1,
        null,
        null,
        1,
        3,
        3,
        2,
        2,
        null,
        null,
        1,
        1,
        1,
        1,
        null,
        null
      ],
      "/home/ruby/Downloads/LDB-master/LDB_4lab/DEMO/app/models/user.rb": [
        null,
        null,
        1,
        1,
        1,
        1,
        null,
        null,
        1,
        1,
        0,
        0,
        0,
        null,
        null,
        1,
        0,
        0,
        0,
        null,
        null,
        1,
        null,
        2,
        0,
        0,
        0,
        null,
        null,
        1,
        1,
        0,
        null,
        null,
        null,
        1,
        null,
        null
      ],
      "/home/ruby/Downloads/LDB-master/LDB_4lab/DEMO/app/models/work_group_manager.rb": [
        null,
        null,
        null,
        1,
        1,
        null,
        null,
        1,
        1,
        1,
        1,
        null,
        null,
        1,
        1,
        1,
        1,
        null,
        null,
        1,
        0,
        0,
        0,
        0,
        null,
        null,
        0,
        null,
        null
      ],
      "/home/ruby/Downloads/LDB-master/LDB_4lab/DEMO/app/models/work_group.rb": [
        null,
        null,
        1,
        1,
        1,
        null,
        null,
        1,
        1,
        0,
        0,
        0,
        0,
        null,
        0,
        null,
        null,
        1,
        0,
        null,
        0,
        0,
        null,
        0,
        null,
        null,
        1,
        0,
        0,
        0,
        0,
        null,
        null,
        1,
        5,
        4,
        4,
        null,
        null,
        1,
        2,
        2,
        1,
        1,
        null,
        null,
        1,
        0,
        0,
        null,
        null,
        1,
        0,
        0,
        0,
        0,
        null,
        null,
        1,
        0,
        0,
        0,
        0,
        null,
        0,
        null,
        null
      ],
      "/home/ruby/Downloads/LDB-master/LDB_4lab/DEMO/app/models/work_group_member.rb": [
        null,
        null,
        1,
        1,
        1,
        1,
        null,
        null,
        1,
        null,
        null
      ],
      "/home/ruby/Downloads/LDB-master/LDB_4lab/DEMO/app/models/work_group_task.rb": [
        null,
        null,
        1,
        1,
        1,
        1,
        null,
        null,
        1,
        null,
        null
      ],
      "/home/ruby/Downloads/LDB-master/LDB_4lab/DEMO/app/mailers/application_mailer.rb": [
        0,
        0,
        0,
        0
      ],
      "/home/ruby/Downloads/LDB-master/LDB_4lab/DEMO/app/jobs/application_job.rb": [
        0,
        0
      ],
      "/home/ruby/Downloads/LDB-master/LDB_4lab/DEMO/app/controllers/application_controller.rb": [
        0,
        0
      ],
      "/home/ruby/Downloads/LDB-master/LDB_4lab/DEMO/app/channels/application_cable/channel.rb": [
        0,
        0,
        0,
        0
      ],
      "/home/ruby/Downloads/LDB-master/LDB_4lab/DEMO/app/channels/application_cable/connection.rb": [
        0,
        0,
        0,
        0
      ],
      "/home/ruby/Downloads/LDB-master/LDB_4lab/DEMO/app/models/application_record.rb": [
        0,
        0,
        0
      ],
      "/home/ruby/Downloads/LDB-master/LDB_4lab/DEMO/app/models/main.rb": [
        0,
        null,
        0,
        0,
        0,
        null,
        0,
        0,
        null,
        0,
        0,
        0,
        0,
        0,
        null,
        0,
        0,
        null,
        0,
        0,
        0,
        0,
        0,
        null,
        0,
        0,
        0,
        null,
        null
      ],
      "/home/ruby/Downloads/LDB-master/LDB_4lab/DEMO/app/models/LDB.rb": [
        0,
        0,
        0,
        0,
        0,
        null,
        0,
        0,
        0,
        0,
        null,
        0,
        0,
        null,
        0,
        0,
        0,
        0,
        0,
        0,
        null,
        null,
        0,
        0,
        0,
        0,
        null,
        null,
        0,
        0,
        0,
        0,
        0,
        0,
        null,
        null,
        0,
        0,
        0,
        0,
        0,
        0,
        null,
        null,
        0,
        0,
        0,
        null,
        null,
        0,
        0,
        0,
        0,
        0,
        null,
        null,
        0,
        0,
        0,
        0,
        null,
        null,
        0,
        0,
        0,
        0,
        null,
        null,
        null,
        0,
        0,
        0,
        0,
        null,
        null,
        0,
        0,
        0,
        0,
        0,
        null,
        null,
        0,
        0,
        0,
        0,
        0,
        0,
        0,
        0,
        0,
        0,
        null,
        null,
        0,
        0,
        0,
        null,
        null,
        0,
        0,
        0,
        0,
        0,
        0,
        0,
        0
      ],
      "/home/ruby/Downloads/LDB-master/LDB_4lab/DEMO/app/models/provider.rb": [
        null,
        null,
        0,
        0,
        0,
        0,
        null,
        null,
        0,
        null,
        0
      ],
      "/home/ruby/Downloads/LDB-master/LDB_4lab/DEMO/app/models/notification.rb": [
        null,
        null,
        0,
        0,
        0,
        null,
        null,
        0,
        0,
        0,
        0,
        0,
        0,
        null,
        0,
        0,
        0,
        0
      ],
      "/home/ruby/Downloads/LDB-master/LDB_4lab/DEMO/app/models/provided_material.rb": [
        null,
        null,
        0,
        0,
        0,
        0,
        null,
        null,
        0,
        0,
        0,
        0,
        0,
        0,
        0
      ],
      "/home/ruby/Downloads/LDB-master/LDB_4lab/DEMO/app/models/order.rb": [
        null,
        null,
        0,
        0,
        0,
        null,
        null,
        0,
        null,
        0,
        0,
        0,
        0
      ]
    },
    "timestamp": 1543440603
  }
}
