{
  "RSpec": {
    "coverage": {
      "/home/ruby/Downloads/LDB-master/LDB_3lab/lib/project_manager.rb": [
        null,
        null,
        1,
        1,
        1,
        1,
        null,
        null,
        1,
        1,
        8,
        null,
        null,
        1,
        2,
        2,
        2,
        null,
        2,
        null,
        null,
        1,
        3,
        null,
        2,
        4,
        2,
        null,
        null,
        1,
        1,
        1,
        1,
        null,
        null,
        1,
        null,
        1,
        null,
        null,
        null,
        1,
        2,
        null,
        null,
        1,
        0,
        0,
        0,
        0,
        null,
        null,
        0,
        null,
        null
      ],
      "/home/ruby/Downloads/LDB-master/LDB_3lab/lib/project.rb": [
        null,
        null,
        1,
        1,
        1,
        null,
        null,
        1,
        1,
        null,
        null,
        null,
        40,
        null,
        40,
        40,
        null,
        null,
        1,
        31,
        null,
        null,
        1,
        2,
        null,
        null,
        1,
        null,
        null,
        null,
        3,
        null,
        null,
        1,
        19,
        11,
        null,
        null,
        null,
        1,
        null,
        8,
        null,
        null,
        null,
        1,
        8,
        null,
        7,
        7,
        null,
        null,
        1,
        6,
        null,
        3,
        3,
        null,
        null,
        1,
        7,
        null,
        null,
        1,
        7,
        2,
        null,
        5,
        5,
        null,
        null,
        null
      ],
      "/home/ruby/Downloads/LDB-master/LDB_3lab/spec/project_spec.rb": [
        null,
        null,
        1,
        1,
        null,
        1,
        1,
        null,
        1,
        21,
        2,
        null,
        1,
        1,
        1,
        1,
        1,
        null,
        null,
        1,
        1,
        1,
        1,
        null,
        null,
        null,
        1,
        1,
        1,
        1,
        1,
        1,
        1,
        null,
        null,
        1,
        1,
        1,
        1,
        1,
        null,
        null,
        null,
        1,
        1,
        1,
        1,
        1,
        1,
        null,
        null,
        1,
        1,
        1,
        1,
        1,
        1,
        null,
        null,
        null,
        1,
        1,
        1,
        null,
        null,
        1,
        1,
        1,
        null,
        null,
        1,
        1,
        null,
        null,
        1,
        1,
        null,
        null,
        1,
        null,
        1,
        null,
        null,
        1,
        1,
        1,
        1,
        null,
        null,
        1,
        1,
        null,
        null,
        1,
        1,
        null,
        null,
        1,
        1,
        1,
        null,
        null,
        1,
        1,
        null,
        null,
        1,
        1,
        null,
        null,
        1,
        1,
        1,
        null,
        null,
        1,
        1,
        null,
        null,
        1,
        1,
        1,
        1,
        1,
        1,
        null,
        null,
        1,
        1,
        null,
        null,
        1,
        1,
        null,
        null,
        1,
        1,
        null,
        null,
        1,
        1,
        1,
        null,
        null,
        1,
        1,
        null,
        null,
        1,
        1,
        null,
        null,
        1,
        1,
        null,
        null,
        1,
        1,
        null,
        1,
        1,
        null,
        null,
        null,
        null,
        1,
        1,
        null,
        null,
        1,
        1,
        1,
        null,
        null
      ],
      "/home/ruby/Downloads/LDB-master/LDB_3lab/lib/user.rb": [
        null,
        null,
        1,
        1,
        null,
        null,
        1,
        1,
        37,
        null,
        null,
        null,
        1,
        30,
        null,
        null,
        1,
        7,
        null,
        null,
        1,
        null,
        null,
        1,
        null,
        null,
        1,
        null,
        1,
        null,
        null
      ],
      "/home/ruby/Downloads/LDB-master/LDB_3lab/spec/user_manager_spec.rb": [
        null,
        null,
        1,
        1,
        null,
        1,
        1,
        null,
        1,
        1,
        null,
        14,
        null,
        28,
        null,
        null,
        1,
        1,
        1,
        null,
        null,
        1,
        1,
        1,
        1,
        null,
        null,
        1,
        1,
        1,
        1,
        null,
        null,
        1,
        1,
        1,
        1,
        null,
        null,
        1,
        1,
        null,
        1,
        1,
        null,
        null,
        1,
        1,
        null,
        1,
        1,
        null,
        null,
        1,
        1,
        1,
        1,
        null,
        null,
        1,
        1,
        1,
        null,
        null,
        1,
        1,
        null,
        null,
        null,
        1,
        1,
        1,
        1,
        null,
        null,
        1,
        1,
        1,
        1,
        1,
        null,
        null,
        1,
        1,
        1,
        1,
        null,
        null,
        1,
        null,
        1,
        null,
        null,
        1,
        1,
        1,
        1,
        1,
        null,
        null
      ],
      "/home/ruby/Downloads/LDB-master/LDB_3lab/lib/user_manager.rb": [
        1,
        1,
        null,
        null,
        1,
        1,
        15,
        15,
        null,
        null,
        1,
        1,
        null,
        null,
        1,
        1,
        null,
        null,
        1,
        7,
        null,
        7,
        7,
        null,
        null,
        7,
        null,
        1,
        null,
        null,
        1,
        2,
        null,
        1,
        null,
        null,
        1,
        3,
        null,
        null,
        1,
        null,
        1,
        null,
        null,
        1,
        7,
        null,
        6,
        6,
        null,
        6,
        null,
        null,
        1,
        3,
        3,
        3,
        null,
        3,
        null,
        null
      ],
      "/home/ruby/Downloads/LDB-master/LDB_3lab/spec/user_spec.rb": [
        null,
        null,
        1,
        1,
        null,
        1,
        1,
        null,
        1,
        1,
        null,
        15,
        null,
        30,
        null,
        null,
        1,
        7,
        null,
        null,
        null,
        null,
        5,
        null,
        1,
        1,
        1,
        null,
        null,
        1,
        1,
        null,
        null,
        1,
        1,
        null,
        null,
        1,
        1,
        1,
        null,
        null,
        1,
        1,
        1,
        1,
        null,
        null,
        null,
        1,
        1,
        null,
        null,
        1,
        1,
        null,
        null,
        1,
        1,
        null,
        null,
        1,
        1,
        null,
        null,
        1,
        1,
        null,
        null,
        1,
        1,
        null,
        null,
        1,
        1,
        null,
        null,
        1,
        1,
        null,
        null,
        1,
        1,
        1,
        null,
        null,
        null,
        1,
        1,
        null,
        null,
        null,
        null
      ],
      "/home/ruby/Downloads/LDB-master/LDB_3lab/spec/work_group_manager_spec.rb": [
        null,
        null,
        1,
        1,
        null,
        1,
        1,
        1,
        null,
        1,
        1,
        6,
        null,
        null,
        1,
        null,
        6,
        null,
        6,
        6,
        null,
        null,
        null,
        1,
        1,
        1,
        null,
        null,
        1,
        1,
        null,
        null,
        null,
        1,
        1,
        1,
        1,
        null,
        null,
        1,
        1,
        null,
        null,
        null,
        1,
        1,
        1,
        1,
        null,
        null,
        1,
        1,
        null,
        null,
        null
      ],
      "/home/ruby/Downloads/LDB-master/LDB_3lab/lib/work_group_manager.rb": [
        1,
        1,
        null,
        null,
        1,
        1,
        6,
        null,
        null,
        1,
        9,
        null,
        null,
        1,
        2,
        2,
        2,
        2,
        null,
        2,
        2,
        null,
        null,
        1,
        5,
        null,
        5,
        null,
        2,
        2,
        2,
        null,
        2,
        null,
        null
      ],
      "/home/ruby/Downloads/LDB-master/LDB_3lab/lib/work_group.rb": [
        1,
        null,
        null,
        1,
        1,
        22,
        null,
        22,
        null,
        null,
        1,
        24,
        null,
        null,
        1,
        6,
        null,
        null,
        1,
        2,
        null,
        null,
        null,
        null,
        null,
        null,
        null,
        2,
        null,
        null,
        1,
        6,
        null,
        6,
        null,
        5,
        5,
        null,
        null,
        1,
        5,
        null,
        5,
        null,
        1,
        1,
        1,
        null,
        null,
        1,
        2,
        null,
        null,
        1,
        2,
        2,
        2,
        2,
        null,
        null,
        1,
        4,
        4,
        null,
        2,
        2,
        2,
        null,
        null
      ],
      "/home/ruby/Downloads/LDB-master/LDB_3lab/spec/work_group_spec.rb": [
        null,
        null,
        1,
        1,
        null,
        1,
        1,
        null,
        1,
        1,
        6,
        null,
        null,
        1,
        1,
        1,
        1,
        1,
        1,
        1,
        null,
        null,
        1,
        1,
        1,
        1,
        1,
        null,
        null,
        null,
        1,
        1,
        1,
        1,
        null,
        null,
        1,
        1,
        null,
        null,
        1,
        1,
        1,
        null,
        null,
        1,
        1,
        null,
        null,
        1,
        1,
        1,
        null,
        null,
        1,
        1,
        null,
        null,
        1,
        1,
        null,
        null,
        1,
        1,
        1,
        null,
        null,
        1,
        1,
        1,
        1,
        1,
        null,
        null,
        1,
        1,
        1,
        1,
        1,
        null,
        null,
        1,
        1,
        1,
        1,
        1,
        1,
        null,
        null,
        1,
        1,
        1,
        1,
        1,
        1,
        null,
        null,
        1,
        1,
        1,
        1,
        1,
        null,
        null,
        null,
        1,
        1,
        1,
        1,
        1,
        1,
        null,
        null,
        1,
        1,
        1,
        1,
        null,
        null
      ]
    },
    "timestamp": 1541029238
  }
}
