{
  "RSpec": {
    "coverage": {
      "C:/Users/Tadas/Documents/GitHub/LDB/tests/System_test.rb": [
        1,
        null,
        1,
        1,
        1,
        1,
        1,
        null,
        null,
        null
      ],
      "C:/Users/Tadas/Documents/GitHub/LDB/System.rb": [
        1,
        null,
        1,
        1,
        null,
        1,
        1,
        1,
        null,
        null,
        null
      ],
      "C:/Users/Tadas/Documents/GitHub/LDB/file_manager/FileManager.rb": [
        null,
        null,
        1,
        null,
        1,
        1,
        null,
        null,
        null
      ]
    },
    "timestamp": 1538650147
  }
}
